#-----------------------------------------------------------
# Vivado v2016.1 (64-bit)
# SW Build 1538259 on Fri Apr  8 15:45:27 MDT 2016
# IP Build 1537824 on Fri Apr  8 04:28:57 MDT 2016
# Start of session at: Thu May 12 15:38:36 2016
# Process ID: 11980
# Current directory: C:/Users/Maxim/Documents/GitHub/Digitale-snake/random_dot_tb
# Command line: vivado.exe -gui_launcher_event rodinguilauncherevent9848 C:\Users\Maxim\Documents\GitHub\Digitale-snake\random_dot_tb\random_dot.xpr
# Log file: C:/Users/Maxim/Documents/GitHub/Digitale-snake/random_dot_tb/vivado.log
# Journal file: C:/Users/Maxim/Documents/GitHub/Digitale-snake/random_dot_tb\vivado.jou
#-----------------------------------------------------------
start_gui
open_project C:/Users/Maxim/Documents/GitHub/Digitale-snake/random_dot_tb/random_dot.xpr
Scanning sources...
Finished scanning sources
INFO: [IP_Flow 19-234] Refreshing IP repositories
INFO: [IP_Flow 19-1704] No user IP repositories specified
INFO: [IP_Flow 19-2313] Loaded Vivado IP repository 'C:/Xilinx/Vivado/2016.1/data/ip'.
update_compile_order -fileset sources_1
exit
INFO: [Common 17-206] Exiting Vivado at Thu May 12 16:49:39 2016...
