#-----------------------------------------------------------
# Vivado v2016.1 (64-bit)
# SW Build 1538259 on Fri Apr  8 15:45:27 MDT 2016
# IP Build 1537824 on Fri Apr  8 04:28:57 MDT 2016
# Start of session at: Mon May 09 12:24:50 2016
# Process ID: 11984
# Current directory: C:/Users/Maxim/Documents/GitHub/Digitale-snake/VGA-driver
# Command line: vivado.exe -gui_launcher_event rodinguilauncherevent6328 C:\Users\Maxim\Documents\GitHub\Digitale-snake\VGA-driver\VGA-driver.xpr
# Log file: C:/Users/Maxim/Documents/GitHub/Digitale-snake/VGA-driver/vivado.log
# Journal file: C:/Users/Maxim/Documents/GitHub/Digitale-snake/VGA-driver\vivado.jou
#-----------------------------------------------------------
start_gui
open_project C:/Users/Maxim/Documents/GitHub/Digitale-snake/VGA-driver/VGA-driver.xpr
Scanning sources...
Finished scanning sources
WARNING: [filemgmt 56-3] IPUserFilesDir: Could not find the directory 'C:/Users/Maxim/Documents/GitHub/Digitale-snake/VGA-driver/VGA-driver.ip_user_files'.
INFO: [IP_Flow 19-234] Refreshing IP repositories
INFO: [IP_Flow 19-1704] No user IP repositories specified
INFO: [IP_Flow 19-2313] Loaded Vivado IP repository 'C:/Xilinx/Vivado/2016.1/data/ip'.
update_compile_order -fileset sources_1
update_compile_order -fileset sources_1
update_compile_order -fileset sources_1
reset_run synth_1
launch_runs impl_1 -to_step write_bitstream -jobs 4
[Mon May 09 13:01:57 2016] Launched synth_1...
Run output will be captured here: C:/Users/Maxim/Documents/GitHub/Digitale-snake/VGA-driver/VGA-driver.runs/synth_1/runme.log
[Mon May 09 13:01:57 2016] Launched impl_1...
Run output will be captured here: C:/Users/Maxim/Documents/GitHub/Digitale-snake/VGA-driver/VGA-driver.runs/impl_1/runme.log
reset_run synth_1
launch_runs synth_1 -jobs 4
INFO: [HDL 9-1061] Parsing VHDL file "C:/Users/Maxim/Documents/GitHub/Digitale-snake/VGA-driver/VGA-driver.srcs/sources_1/new/VGA.vhd" into library xil_defaultlib [C:/Users/Maxim/Documents/GitHub/Digitale-snake/VGA-driver/VGA-driver.srcs/sources_1/new/VGA.vhd:1]
[Mon May 09 13:03:39 2016] Launched synth_1...
Run output will be captured here: C:/Users/Maxim/Documents/GitHub/Digitale-snake/VGA-driver/VGA-driver.runs/synth_1/runme.log
exit
INFO: [Common 17-206] Exiting Vivado at Mon May 09 13:14:47 2016...
